<?xml version="1.0" encoding="UTF-8"?>
<!-- Generated by org.testng.reporters.JUnitXMLReporter -->
<testsuite hostname="DESKTOP-LDUR2H9" ignored="0" name="Test-runner-chrome" tests="1" failures="0" timestamp="2022-04-03T02:36:08 IST" time="78.441" errors="0">
  <testcase name="createContact" time="78.344" classname="com.practice.CreateModifyAndDeleteContactUsingFlagDependsOnMethods"/>
</testsuite> <!-- Test-runner-chrome -->
