<?xml version="1.0" encoding="UTF-8"?>
<!-- Generated by org.testng.reporters.JUnitXMLReporter -->
<testsuite hostname="DESKTOP-LDUR2H9" ignored="0" name="Test-runner-1" tests="1" failures="0" timestamp="2022-04-03T03:59:14 IST" time="73.957" errors="0">
  <testcase name="createContact" time="73.851" classname="com.practice.CreateModifyAndDeleteContactUsingFlagDependsOnMethods"/>
</testsuite> <!-- Test-runner-1 -->
