<?xml version="1.0" encoding="UTF-8"?>
<!-- Generated by org.testng.reporters.JUnitXMLReporter -->
<testsuite ignored="4" hostname="DESKTOP-LDUR2H9" failures="0" tests="2" name="Test-runner3" time="153.903" errors="0" timestamp="2022-03-18T00:48:10 IST">
  <testcase classname="com.crm.autodesk.OrganizationsTest.CreateOrganizationsWithIndustryTest" name="createOrgWithIndustry" time="40.416"/>
  <testcase classname="com.crm.autodesk.ProductsTest.CreateProductsByAdvanceSearchTest" name="createProductByAdvSearch" time="26.461"/>
  <testcase classname="com.crm.autodesk.GenericUtility.BaseClass" name="@AfterSuite afterSuite" time="0.0">
    <ignored/>
  </testcase> <!-- @AfterSuite afterSuite -->
  <testcase classname="com.crm.autodesk.GenericUtility.BaseClass" name="@BeforeTest beforeTest" time="0.0">
    <ignored/>
  </testcase> <!-- @BeforeTest beforeTest -->
  <testcase classname="com.crm.autodesk.GenericUtility.BaseClass" name="@AfterTest afterTest" time="0.0">
    <ignored/>
  </testcase> <!-- @AfterTest afterTest -->
  <testcase classname="com.crm.autodesk.GenericUtility.BaseClass" name="@BeforeSuite beforeSuite" time="0.0">
    <ignored/>
  </testcase> <!-- @BeforeSuite beforeSuite -->
</testsuite> <!-- Test-runner3 -->
