<?xml version="1.0" encoding="UTF-8"?>
<!-- Generated by org.testng.reporters.JUnitXMLReporter -->
<testsuite hostname="DESKTOP-LDUR2H9" ignored="0" name="Test-runner-2" tests="1" failures="0" timestamp="2022-04-03T03:59:25 IST" time="85.042" errors="0">
  <testcase name="createOrgAndDelete" time="84.957" classname="com.practice.CreateOrganizationsAndDeleteTest"/>
</testsuite> <!-- Test-runner-2 -->
