<?xml version="1.0" encoding="UTF-8"?>
<!-- Generated by org.testng.reporters.JUnitXMLReporter -->
<testsuite ignored="4" hostname="DESKTOP-LDUR2H9" failures="0" tests="2" name="Test-runner 1" time="122.638" errors="0" timestamp="2022-03-22T02:28:27 IST">
  <testcase classname="com.crm.autodesk.ContactsTest.CreateContactsTest" name="createContact" time="43.098"/>
  <testcase classname="com.crm.autodesk.LeadsTest.CreateLeadsTest" name="createLeads" time="20.443"/>
  <testcase classname="com.crm.autodesk.GenericUtility.BaseClass" name="@AfterSuite afterSuite" time="0.0">
    <ignored/>
  </testcase> <!-- @AfterSuite afterSuite -->
  <testcase classname="com.crm.autodesk.GenericUtility.BaseClass" name="@BeforeTest beforeTest" time="0.0">
    <ignored/>
  </testcase> <!-- @BeforeTest beforeTest -->
  <testcase classname="com.crm.autodesk.GenericUtility.BaseClass" name="@AfterTest afterTest" time="0.0">
    <ignored/>
  </testcase> <!-- @AfterTest afterTest -->
  <testcase classname="com.crm.autodesk.GenericUtility.BaseClass" name="@BeforeSuite beforeSuite" time="0.0">
    <ignored/>
  </testcase> <!-- @BeforeSuite beforeSuite -->
</testsuite> <!-- Test-runner 1 -->
