<?xml version="1.0" encoding="UTF-8"?>
<!-- Generated by org.testng.reporters.JUnitReportReporter -->
<testsuite hostname="DESKTOP-LDUR2H9" failures="0" tests="1" name="com.practice.TakeScreenshotFullPage" time="22.214" errors="0" timestamp="2022-02-28T00:22:46 IST" skipped="0">
  <testcase classname="com.practice.TakeScreenshotFullPage" name="homePage" time="22.214"/>
  <system-out/>
</testsuite> <!-- com.practice.TakeScreenshotFullPage -->
