<?xml version="1.0" encoding="UTF-8"?>
<!-- Generated by org.testng.reporters.JUnitReportReporter -->
<testsuite hostname="DESKTOP-LDUR2H9" failures="0" tests="1" name="com.crm.autodesk.pom.Products.CreatingProductsWithProductInformationTest" time="30.421" errors="0" timestamp="2022-03-15T00:35:06 IST" skipped="0">
  <testcase classname="com.crm.autodesk.pom.Products.CreatingProductsWithProductInformationTest" name="createProductWithProductInfo" time="30.421"/>
  <system-out/>
</testsuite> <!-- com.crm.autodesk.pom.Products.CreatingProductsWithProductInformationTest -->
