<?xml version="1.0" encoding="UTF-8"?>
<!-- Generated by org.testng.reporters.JUnitReportReporter -->
<testsuite hostname="DESKTOP-LDUR2H9" failures="0" tests="2" name="com.practice.Test01" time="0.025" errors="0" timestamp="2022-03-12T01:19:42 IST" skipped="0">
  <testcase classname="com.practice.Test01" name="m1" time="0.022"/>
  <system-out/>
  <testcase classname="com.practice.Test01" name="m2" time="0.003"/>
  <system-out/>
</testsuite> <!-- com.practice.Test01 -->
