<?xml version="1.0" encoding="UTF-8"?>
<!-- Generated by org.testng.reporters.JUnitReportReporter -->
<testsuite hostname="DESKTOP-LDUR2H9" failures="0" tests="1" name="com.practice.TakeScreenshotOfParticularWebElement" time="10.451" errors="0" timestamp="2022-03-12T13:10:39 IST" skipped="0">
  <testcase classname="com.practice.TakeScreenshotOfParticularWebElement" name="homePage" time="10.451"/>
  <system-out/>
</testsuite> <!-- com.practice.TakeScreenshotOfParticularWebElement -->
