<?xml version="1.0" encoding="UTF-8"?>
<!-- Generated by org.testng.reporters.JUnitReportReporter -->
<testsuite skipped="0" hostname="DESKTOP-LDUR2H9" name="com.practice.CreateOrganizationsAndDeleteTest" tests="1" failures="0" timestamp="2022-04-03T03:59:25 IST" time="84.957" errors="0">
  <testcase name="createOrgAndDelete" time="84.957" classname="com.practice.CreateOrganizationsAndDeleteTest"/>
  <system-out/>
</testsuite> <!-- com.practice.CreateOrganizationsAndDeleteTest -->
