<?xml version="1.0" encoding="UTF-8"?>
<!-- Generated by org.testng.reporters.JUnitReportReporter -->
<testsuite hostname="DESKTOP-LDUR2H9" failures="0" tests="1" name="com.crm.autodesk.pom.organizations.CreateOrganizationWithIndustryTest" time="27.187" errors="0" timestamp="2022-03-14T18:03:37 IST" skipped="0">
  <testcase classname="com.crm.autodesk.pom.organizations.CreateOrganizationWithIndustryTest" name="CreateOrganizationWithIndustry" time="27.187"/>
  <system-out/>
</testsuite> <!-- com.crm.autodesk.pom.organizations.CreateOrganizationWithIndustryTest -->
