<?xml version="1.0" encoding="UTF-8"?>
<!-- Generated by org.testng.reporters.JUnitReportReporter -->
<testsuite hostname="DESKTOP-LDUR2H9" failures="0" tests="1" name="com.crm.autodesk.pom.Contacts.CreateContactsTest" time="29.492" errors="0" timestamp="2022-03-15T00:15:29 IST" skipped="0">
  <testcase classname="com.crm.autodesk.pom.Contacts.CreateContactsTest" name="createContact" time="29.492"/>
  <system-out/>
</testsuite> <!-- com.crm.autodesk.pom.Contacts.CreateContactsTest -->
