<?xml version="1.0" encoding="UTF-8"?>
<!-- Generated by org.testng.reporters.JUnitReportReporter -->
<testsuite hostname="DESKTOP-LDUR2H9" failures="0" tests="3" name="com.practice.Execution.CreateOrganizationTestDemo" time="0.023" errors="0" timestamp="2022-03-22T00:56:35 IST" skipped="0">
  <testcase classname="com.practice.Execution.CreateOrganizationTestDemo" name="orgWithMandatoryFields" time="0.003"/>
  <system-out/>
  <testcase classname="com.practice.Execution.CreateOrganizationTestDemo" name="orgWithProduct" time="0.003"/>
  <system-out/>
  <testcase classname="com.practice.Execution.CreateOrganizationTestDemo" name="orgWithContact" time="0.017"/>
  <system-out/>
</testsuite> <!-- com.practice.Execution.CreateOrganizationTestDemo -->
