<?xml version="1.0" encoding="UTF-8"?>
<!-- Generated by org.testng.reporters.JUnitReportReporter -->
<testsuite hostname="DESKTOP-LDUR2H9" failures="0" tests="1" name="com.crm.autodesk.CampaignsTest.CreateCampaignsTest" time="45.952" errors="0" timestamp="2022-03-22T02:28:30 IST" skipped="0">
  <testcase classname="com.crm.autodesk.CampaignsTest.CreateCampaignsTest" name="createCampaigns" time="45.952"/>
  <system-out/>
</testsuite> <!-- com.crm.autodesk.CampaignsTest.CreateCampaignsTest -->
