<?xml version="1.0" encoding="UTF-8"?>
<!-- Generated by org.testng.reporters.JUnitReportReporter -->
<testsuite skipped="0" hostname="DESKTOP-LDUR2H9" name="com.practice.Assert_SoftAssertTest" tests="1" failures="0" timestamp="2022-03-23T10:43:58 IST" time="0.029" errors="0">
  <testcase name="assertCheckInt" time="0.029" classname="com.practice.Assert_SoftAssertTest"/>
  <system-out/>
</testsuite> <!-- com.practice.Assert_SoftAssertTest -->
