<?xml version="1.0" encoding="UTF-8"?>
<!-- Generated by org.testng.reporters.JUnitReportReporter -->
<testsuite hostname="DESKTOP-LDUR2H9" failures="0" tests="1" name="com.crm.autodesk.pom.Products.CreateProductsByAdvanceSearchTest" time="18.313" errors="0" timestamp="2022-03-15T00:29:07 IST" skipped="0">
  <testcase classname="com.crm.autodesk.pom.Products.CreateProductsByAdvanceSearchTest" name="createProductByAdvSearch" time="18.313"/>
  <system-out/>
</testsuite> <!-- com.crm.autodesk.pom.Products.CreateProductsByAdvanceSearchTest -->
