<?xml version="1.0" encoding="UTF-8"?>
<!-- Generated by org.testng.reporters.JUnitReportReporter -->
<testsuite hostname="DESKTOP-LDUR2H9" failures="0" tests="1" name="com.crm.autodesk.ProductsTest.CreateProductsByAdvanceSearchTest" time="56.329" errors="0" timestamp="2022-03-22T02:28:30 IST" skipped="0">
  <testcase classname="com.crm.autodesk.ProductsTest.CreateProductsByAdvanceSearchTest" name="createProductByAdvSearch" time="56.329"/>
  <system-out/>
</testsuite> <!-- com.crm.autodesk.ProductsTest.CreateProductsByAdvanceSearchTest -->
