<?xml version="1.0" encoding="UTF-8"?>
<!-- Generated by org.testng.reporters.JUnitReportReporter -->
<testsuite hostname="DESKTOP-LDUR2H9" failures="0" tests="1" name="com.crm.autodesk.ContactsTest.CreateContactsTest" time="66.787" errors="0" timestamp="2022-03-22T02:28:30 IST" skipped="0">
  <testcase classname="com.crm.autodesk.ContactsTest.CreateContactsTest" name="createContact" time="66.787"/>
  <system-out/>
</testsuite> <!-- com.crm.autodesk.ContactsTest.CreateContactsTest -->
