<?xml version="1.0" encoding="UTF-8"?>
<!-- Generated by org.testng.reporters.JUnitReportReporter -->
<testsuite hostname="DESKTOP-LDUR2H9" failures="0" tests="1" name="com.crm.autodesk.OrganizationsTest.CreateOrganizationsWithIndustryTest" time="40.513" errors="0" timestamp="2022-03-22T02:28:30 IST" skipped="0">
  <testcase classname="com.crm.autodesk.OrganizationsTest.CreateOrganizationsWithIndustryTest" name="createOrgWithIndustry" time="40.513"/>
  <system-out/>
</testsuite> <!-- com.crm.autodesk.OrganizationsTest.CreateOrganizationsWithIndustryTest -->
