<?xml version="1.0" encoding="UTF-8"?>
<!-- Generated by org.testng.reporters.JUnitReportReporter -->
<testsuite hostname="DESKTOP-LDUR2H9" failures="0" tests="3" name="com.practice.Test02" time="0.023" errors="0" timestamp="2022-03-13T02:19:53 IST" skipped="0">
  <testcase classname="com.practice.Test02" name="m2" time="0.003"/>
  <system-out/>
  <testcase classname="com.practice.Test02" name="m3" time="0.003"/>
  <system-out/>
  <testcase classname="com.practice.Test02" name="m1" time="0.017"/>
  <system-out/>
</testsuite> <!-- com.practice.Test02 -->
