<?xml version="1.0" encoding="UTF-8"?>
<!-- Generated by org.testng.reporters.JUnitReportReporter -->
<testsuite hostname="DESKTOP-LDUR2H9" failures="0" tests="4" name="com.practice.Assert_HardAssertTest" time="0.026" errors="0" timestamp="2022-03-16T17:45:47 IST" skipped="0">
  <testcase classname="com.practice.Assert_HardAssertTest" name="assertCheckInt" time="0.002"/>
  <system-out/>
  <testcase classname="com.practice.Assert_HardAssertTest" name="assertCheckString" time="0.003"/>
  <system-out/>
  <testcase classname="com.practice.Assert_HardAssertTest" name="assertCheckBoolean" time="0.018"/>
  <system-out/>
  <testcase classname="com.practice.Assert_HardAssertTest" name="assertCheckChar" time="0.003"/>
  <system-out/>
</testsuite> <!-- com.practice.Assert_HardAssertTest -->
