<?xml version="1.0" encoding="UTF-8"?>
<!-- Generated by org.testng.reporters.JUnitReportReporter -->
<testsuite skipped="0" hostname="DESKTOP-LDUR2H9" name="com.practice.CreateModifyAndDeleteContactUsingFlagDependsOnMethods" tests="1" failures="0" timestamp="2022-04-03T03:59:25 IST" time="73.851" errors="0">
  <testcase name="createContact" time="73.851" classname="com.practice.CreateModifyAndDeleteContactUsingFlagDependsOnMethods"/>
  <system-out/>
</testsuite> <!-- com.practice.CreateModifyAndDeleteContactUsingFlagDependsOnMethods -->
