<?xml version="1.0" encoding="UTF-8"?>
<!-- Generated by org.testng.reporters.JUnitReportReporter -->
<testsuite hostname="DESKTOP-LDUR2H9" failures="0" tests="1" name="com.crm.autodesk.pom.Leads.CreateLeadsTest" time="24.850" errors="0" timestamp="2022-03-15T00:18:26 IST" skipped="0">
  <testcase classname="com.crm.autodesk.pom.Leads.CreateLeadsTest" name="createLeads" time="24.850"/>
  <system-out/>
</testsuite> <!-- com.crm.autodesk.pom.Leads.CreateLeadsTest -->
