<?xml version="1.0" encoding="UTF-8"?>
<!-- Generated by org.testng.reporters.JUnitReportReporter -->
<testsuite hostname="DESKTOP-LDUR2H9" failures="0" tests="5" name="com.practice.MultipleDataUsingDataProviderTest" time="151.844" errors="0" timestamp="2022-03-14T12:23:15 IST" skipped="0">
  <testcase classname="com.practice.MultipleDataUsingDataProviderTest" name="multipleData" time="29.321"/>
  <system-out/>
  <testcase classname="com.practice.MultipleDataUsingDataProviderTest" name="multipleData" time="29.045"/>
  <system-out/>
  <testcase classname="com.practice.MultipleDataUsingDataProviderTest" name="multipleData" time="30.550"/>
  <system-out/>
  <testcase classname="com.practice.MultipleDataUsingDataProviderTest" name="multipleData" time="30.631"/>
  <system-out/>
  <testcase classname="com.practice.MultipleDataUsingDataProviderTest" name="multipleData" time="32.297"/>
  <system-out/>
</testsuite> <!-- com.practice.MultipleDataUsingDataProviderTest -->
