<?xml version="1.0" encoding="UTF-8"?>
<!-- Generated by org.testng.reporters.JUnitReportReporter -->
<testsuite hostname="DESKTOP-LDUR2H9" failures="0" tests="1" name="com.practice.DataDrivenFromTestngTest" time="0.017" errors="0" timestamp="2022-03-16T15:20:13 IST" skipped="0">
  <testcase classname="com.practice.DataDrivenFromTestngTest" name="getValues" time="0.017"/>
  <system-out/>
</testsuite> <!-- com.practice.DataDrivenFromTestngTest -->
