<?xml version="1.0" encoding="UTF-8"?>
<!-- Generated by org.testng.reporters.JUnitReportReporter -->
<testsuite hostname="DESKTOP-LDUR2H9" failures="0" tests="2" name="com.practice.Execution.CreateCampaignTestDemo" time="0.012" errors="0" timestamp="2022-03-22T00:56:35 IST" skipped="0">
  <testcase classname="com.practice.Execution.CreateCampaignTestDemo" name="campWithMandatoryFields" time="0.004"/>
  <system-out/>
  <testcase classname="com.practice.Execution.CreateCampaignTestDemo" name="campWithContact" time="0.008"/>
  <system-out/>
</testsuite> <!-- com.practice.Execution.CreateCampaignTestDemo -->
